Host: localhost
User-Agent: Mozilla/5.0 (Windows NT 6.1; Win64; x64; rv:88.0) Gecko/20100101 Firefox/88.0
Accept: application/json; charset=utf-8
Accept-Language: en-US,en;q=0.5
Accept-Encoding: gzip, deflate
Referer: http://localhost/grldchz-ts/build/
content-type: application/x-www-form-urlencoded;charset=UTF-8
Origin: http://localhost
Content-Length: 40
Connection: keep-alive
Cookie: gcotd=6.%242y%2410%24pH8AdEZcpDqH.CeJRpDcgOs1jbjpU7TgddiQZ.4c0iSgQRhXK9Qim
Sec-GPC: 1
Host: localhost
User-Agent: Mozilla/5.0 (Windows NT 6.1; Win64; x64; rv:88.0) Gecko/20100101 Firefox/88.0
Accept: application/json; charset=utf-8
Accept-Language: en-US,en;q=0.5
Accept-Encoding: gzip, deflate
Referer: http://localhost/grldchz-ts/build/
content-type: application/x-www-form-urlencoded;charset=UTF-8
Origin: http://localhost
Content-Length: 40
Connection: keep-alive
Sec-GPC: 1
